<?xml version="1.0" encoding="UTF-8"?>
<testng-results skipped="0" failed="0" ignored="0" total="4" passed="4">
  <reporter-output>
  </reporter-output>
  <suite name="anyName" duration-ms="14093" started-at="2018-07-19T06:11:57Z" finished-at="2018-07-19T06:12:11Z">
    <groups>
    </groups>
    <test name="Regression1" duration-ms="10472" started-at="2018-07-19T06:11:57Z" finished-at="2018-07-19T06:12:07Z">
      <class name="com.krunal.zensar.tests.secondUi">
        <test-method status="PASS" signature="setUp(java.lang.String)[pri:0, instance:com.krunal.zensar.tests.secondUi@4d95d2a2]" name="setUp" is-config="true" duration-ms="1431" started-at="2018-07-19T06:11:57Z" finished-at="2018-07-19T06:11:58Z">
          <params>
            <param index="0">
              <value>
                <![CDATA[chrome]]>
              </value>
            </param>
          </params>
          <reporter-output>
          </reporter-output>
        </test-method> <!-- setUp -->
        <test-method status="PASS" signature="tryfour()[pri:0, instance:com.krunal.zensar.tests.secondUi@4d95d2a2]" name="tryfour" duration-ms="2891" started-at="2018-07-19T06:11:58Z" finished-at="2018-07-19T06:12:01Z">
          <reporter-output>
          </reporter-output>
        </test-method> <!-- tryfour -->
        <test-method status="PASS" signature="trythree()[pri:0, instance:com.krunal.zensar.tests.secondUi@4d95d2a2]" name="trythree" duration-ms="5691" started-at="2018-07-19T06:12:01Z" finished-at="2018-07-19T06:12:07Z">
          <reporter-output>
          </reporter-output>
        </test-method> <!-- trythree -->
        <test-method status="PASS" signature="td()[pri:0, instance:com.krunal.zensar.tests.secondUi@4d95d2a2]" name="td" is-config="true" duration-ms="445" started-at="2018-07-19T06:12:07Z" finished-at="2018-07-19T06:12:07Z">
          <reporter-output>
          </reporter-output>
        </test-method> <!-- td -->
      </class> <!-- com.krunal.zensar.tests.secondUi -->
    </test> <!-- Regression1 -->
    <test name="Nopackage" duration-ms="14093" started-at="2018-07-19T06:11:57Z" finished-at="2018-07-19T06:12:11Z">
      <class name="com.krunal.zensar.tests.firstUi">
        <test-method status="PASS" signature="setUp(java.lang.String)[pri:0, instance:com.krunal.zensar.tests.firstUi@5e853265]" name="setUp" is-config="true" duration-ms="1431" started-at="2018-07-19T06:11:57Z" finished-at="2018-07-19T06:11:58Z">
          <params>
            <param index="0">
              <value>
                <![CDATA[chrome]]>
              </value>
            </param>
          </params>
          <reporter-output>
          </reporter-output>
        </test-method> <!-- setUp -->
        <test-method status="PASS" signature="tryone()[pri:0, instance:com.krunal.zensar.tests.firstUi@5e853265]" name="tryone" duration-ms="9324" started-at="2018-07-19T06:11:58Z" finished-at="2018-07-19T06:12:07Z">
          <reporter-output>
          </reporter-output>
        </test-method> <!-- tryone -->
        <test-method status="PASS" signature="trytwo()[pri:0, instance:com.krunal.zensar.tests.firstUi@5e853265]" name="trytwo" duration-ms="3178" started-at="2018-07-19T06:12:07Z" finished-at="2018-07-19T06:12:10Z">
          <reporter-output>
          </reporter-output>
        </test-method> <!-- trytwo -->
        <test-method status="PASS" signature="td()[pri:0, instance:com.krunal.zensar.tests.firstUi@5e853265]" name="td" is-config="true" duration-ms="147" started-at="2018-07-19T06:12:10Z" finished-at="2018-07-19T06:12:11Z">
          <reporter-output>
          </reporter-output>
        </test-method> <!-- td -->
      </class> <!-- com.krunal.zensar.tests.firstUi -->
    </test> <!-- Nopackage -->
  </suite> <!-- anyName -->
</testng-results>
